0 info it worked if it ends with ok
1 verbose cli [ '/usr/local/bin/node',
1 verbose cli   '/Users/ivanwilson/.npm-packages/bin/npm',
1 verbose cli   'run',
1 verbose cli   'build:sass' ]
2 info using npm@4.1.2
3 info using node@v6.9.5
4 verbose run-script [ 'prebuild:sass', 'build:sass', 'postbuild:sass' ]
5 info lifecycle charles@1.0.0~prebuild:sass: charles@1.0.0
6 silly lifecycle charles@1.0.0~prebuild:sass: no script for prebuild:sass, continuing
7 info lifecycle charles@1.0.0~build:sass: charles@1.0.0
8 verbose lifecycle charles@1.0.0~build:sass: unsafe-perm in lifecycle true
9 verbose lifecycle charles@1.0.0~build:sass: PATH: /Users/ivanwilson/.npm-packages/lib/node_modules/npm/bin/node-gyp-bin:/Users/ivanwilson/Documents/Projects/charles/wp-content/themes/charles/node_modules/.bin:/Users/ivanwilson/.npm-packages/bin:/usr/local/bin:/usr/bin:/bin:/usr/sbin:/sbin
10 verbose lifecycle charles@1.0.0~build:sass: CWD: /Users/ivanwilson/Documents/Projects/charles/wp-content/themes/charles
11 silly lifecycle charles@1.0.0~build:sass: Args: [ '-c',
11 silly lifecycle   'node-sass scss/style.scss style.css --source-map style.css.map' ]
12 silly lifecycle charles@1.0.0~build:sass: Returned: code: 1  signal: null
13 info lifecycle charles@1.0.0~build:sass: Failed to exec build:sass script
14 verbose stack Error: charles@1.0.0 build:sass: `node-sass scss/style.scss style.css --source-map style.css.map`
14 verbose stack Exit status 1
14 verbose stack     at EventEmitter.<anonymous> (/Users/ivanwilson/.npm-packages/lib/node_modules/npm/lib/utils/lifecycle.js:279:16)
14 verbose stack     at emitTwo (events.js:106:13)
14 verbose stack     at EventEmitter.emit (events.js:191:7)
14 verbose stack     at ChildProcess.<anonymous> (/Users/ivanwilson/.npm-packages/lib/node_modules/npm/lib/utils/spawn.js:40:14)
14 verbose stack     at emitTwo (events.js:106:13)
14 verbose stack     at ChildProcess.emit (events.js:191:7)
14 verbose stack     at maybeClose (internal/child_process.js:877:16)
14 verbose stack     at Process.ChildProcess._handle.onexit (internal/child_process.js:226:5)
15 verbose pkgid charles@1.0.0
16 verbose cwd /Users/ivanwilson/Documents/Projects/charles/wp-content/themes/charles
17 error Darwin 16.4.0
18 error argv "/usr/local/bin/node" "/Users/ivanwilson/.npm-packages/bin/npm" "run" "build:sass"
19 error node v6.9.5
20 error npm  v4.1.2
21 error code ELIFECYCLE
22 error charles@1.0.0 build:sass: `node-sass scss/style.scss style.css --source-map style.css.map`
22 error Exit status 1
23 error Failed at the charles@1.0.0 build:sass script 'node-sass scss/style.scss style.css --source-map style.css.map'.
23 error Make sure you have the latest version of node.js and npm installed.
23 error If you do, this is most likely a problem with the charles package,
23 error not with npm itself.
23 error Tell the author that this fails on your system:
23 error     node-sass scss/style.scss style.css --source-map style.css.map
23 error You can get information on how to open an issue for this project with:
23 error     npm bugs charles
23 error Or if that isn't available, you can get their info via:
23 error     npm owner ls charles
23 error There is likely additional logging output above.
24 verbose exit [ 1, true ]
